<?xml version="1.0" encoding="UTF-8"?>
<!-- Generated by org.testng.reporters.JUnitReportReporter -->
<testsuite skipped="0" hostname="HP" name="ShowOffTask.ShowOffUserCreate" tests="1" failures="0" timestamp="2020-01-30T14:31:40 GMT" time="2.991" errors="0">
  <testcase name="userCreatePOST" time="2.991" classname="ShowOffTask.ShowOffUserCreate"/>
</testsuite> <!-- ShowOffTask.ShowOffUserCreate -->
