<?xml version="1.0" encoding="UTF-8"?>
<!-- Generated by org.testng.reporters.JUnitReportReporter -->
<testsuite skipped="1" hostname="HP" name="com.http.test.GetAPITest" tests="2" failures="0" timestamp="2020-02-03T11:45:38 GMT" time="1.044" errors="0">
  <testcase name="getRequestAPIWithHeaders" time="1.044" classname="com.http.test.GetAPITest"/>
  <testcase name="getAPITest" classname="com.http.test.GetAPITest">
    <skipped/>
  </testcase> <!-- getAPITest -->
</testsuite> <!-- com.http.test.GetAPITest -->
