<?xml version="1.0" encoding="UTF-8"?>
<!-- Generated by org.testng.reporters.JUnitReportReporter -->
<testsuite skipped="0" hostname="HP" name="com.http.test.DeleteAPITest" tests="1" failures="0" timestamp="2020-02-02T22:31:06 GMT" time="1.118" errors="0">
  <testcase name="DeleteAPIRequest" time="1.118" classname="com.http.test.DeleteAPITest"/>
</testsuite> <!-- com.http.test.DeleteAPITest -->
