<?xml version="1.0" encoding="UTF-8"?>
<!-- Generated by org.testng.reporters.JUnitReportReporter -->
<testsuite skipped="0" hostname="HP" name="com.http.test.PUTAPITest" tests="1" failures="0" timestamp="2020-02-03T10:38:42 GMT" time="1.620" errors="0">
  <testcase name="putAPIMethodTest" time="1.620" classname="com.http.test.PUTAPITest"/>
</testsuite> <!-- com.http.test.PUTAPITest -->
