<?xml version="1.0" encoding="UTF-8"?>
<!-- Generated by org.testng.reporters.JUnitReportReporter -->
<testsuite skipped="0" hostname="HP" name="com.http.test.POSTAPITest" tests="1" failures="0" timestamp="2020-02-02T16:47:49 GMT" time="5.863" errors="0">
  <testcase name="postAPIMethodTest" time="5.863" classname="com.http.test.POSTAPITest"/>
</testsuite> <!-- com.http.test.POSTAPITest -->
