<?xml version="1.0" encoding="UTF-8"?>
<!-- Generated by org.testng.reporters.JUnitReportReporter -->
<testsuite skipped="0" hostname="HP" name="com.http.test.POSTAPIWidgetTest" tests="1" failures="0" timestamp="2020-02-02T23:13:55 GMT" time="1.615" errors="0">
  <testcase name="postAPIMethodTest" time="1.615" classname="com.http.test.POSTAPIWidgetTest"/>
</testsuite> <!-- com.http.test.POSTAPIWidgetTest -->
