<?xml version="1.0" encoding="UTF-8"?>
<!-- Generated by org.testng.reporters.JUnitReportReporter -->
<testsuite skipped="0" hostname="HP" name="com.http.test.PUTAPITest" tests="1" failures="0" timestamp="03 Feb 2020 10:53:11 GMT" time="0.144" errors="0">
  <testcase name="putAPIMethodTest" time="0.144" classname="com.http.test.PUTAPITest"/>
</testsuite> <!-- com.http.test.PUTAPITest -->
